<?xml version="1.0" encoding="UTF-8"?>
<robot generator="Robot 5.0.1 (Python 3.10.4 on win32)" generated="20220810 15:14:42.248" rpa="false" schemaversion="3">
<suite id="s1" name="Ep3" source="C:\Users\YHVM-SN-EN-010\Documents\GitHub\API-Testing\ep3.robot">
<test id="s1-t1" name="TC-001 Verify when wrong username or password, API should return error" line="5">
<kw name="Create Session" library="RequestsLibrary">
<arg>loginSession</arg>
<arg>http://localhost:8082</arg>
<doc>Create Session: create a HTTP session to a server</doc>
<msg timestamp="20220810 15:14:42.330" level="INFO">Creating Session using : alias=loginSession, url=http://localhost:8082, headers={},                     cookies={}, auth=None, timeout=None, proxies=None, verify=False,                     debug=0 </msg>
<status status="PASS" starttime="20220810 15:14:42.330" endtime="20220810 15:14:42.331"/>
</kw>
<kw name="Create Dictionary" library="BuiltIn">
<var>${requests_body}</var>
<arg>username=doppio22</arg>
<arg>password=weBuildBestQa</arg>
<doc>Creates and returns a dictionary based on the given ``items``.</doc>
<msg timestamp="20220810 15:14:42.331" level="INFO">${requests_body} = {'username': 'doppio22', 'password': 'weBuildBestQa'}</msg>
<status status="PASS" starttime="20220810 15:14:42.331" endtime="20220810 15:14:42.331"/>
</kw>
<kw name="POST On Session" library="RequestsLibrary">
<var>${resp}</var>
<arg>loginSession</arg>
<arg>/login</arg>
<arg>json=${requests_body}</arg>
<arg>expected_status=401</arg>
<doc>Sends a POST request on a previously created HTTP Session.</doc>
<msg timestamp="20220810 15:14:42.340" level="INFO">POST Request : url=http://localhost:8082/login 
 path_url=/login 
 headers={'User-Agent': 'python-requests/2.28.0', 'Accept-Encoding': 'gzip, deflate', 'Accept': '*/*', 'Connection': 'keep-alive', 'Content-Length': '53', 'Content-Type': 'application/json'} 
 body=b'{"username": "doppio22", "password": "weBuildBestQa"}' 
 </msg>
<msg timestamp="20220810 15:14:42.340" level="INFO">POST Response : url=http://localhost:8082/login 
 status=401, reason= 
 headers={'Content-Type': 'application/json', 'Transfer-Encoding': 'chunked', 'Date': 'Wed, 10 Aug 2022 08:14:42 GMT', 'Keep-Alive': 'timeout=60', 'Connection': 'keep-alive'} 
 body={"status":"error","message":"invalid username or password"} 
 </msg>
<msg timestamp="20220810 15:14:42.341" level="INFO">${resp} = &lt;Response [401]&gt;</msg>
<status status="PASS" starttime="20220810 15:14:42.332" endtime="20220810 15:14:42.341"/>
</kw>
<kw name="Log To Console" library="BuiltIn">
<arg>${resp.json()}</arg>
<doc>Logs the given message to the console.</doc>
<status status="PASS" starttime="20220810 15:14:42.342" endtime="20220810 15:14:42.354"/>
</kw>
<status status="PASS" starttime="20220810 15:14:42.330" endtime="20220810 15:14:42.354"/>
</test>
<status status="PASS" starttime="20220810 15:14:42.249" endtime="20220810 15:14:42.355"/>
</suite>
<statistics>
<total>
<stat pass="1" fail="0" skip="0">All Tests</stat>
</total>
<tag>
</tag>
<suite>
<stat pass="1" fail="0" skip="0" id="s1" name="Ep3">Ep3</stat>
</suite>
</statistics>
<errors>
</errors>
</robot>
